<?xml version="1.0" encoding="UTF-8"?>
<!-- Generated by org.testng.reporters.JUnitReportReporter -->
<testsuite hostname="Jeejis-MBP.attlocal.net" failures="0" tests="2" name="qaclickacademy.MavenJava.seleniumTest" time="0.012" errors="0" timestamp="2021-10-14T15:50:16 CDT" skipped="0">
  <testcase classname="qaclickacademy.MavenJava.seleniumTest" name="method2" time="0.001"/>
  <testcase classname="qaclickacademy.MavenJava.seleniumTest" name="method1" time="0.011"/>
</testsuite> <!-- qaclickacademy.MavenJava.seleniumTest -->
