<?xml version="1.0" encoding="UTF-8"?>
<!-- Generated by org.testng.reporters.JUnitReportReporter -->
<testsuite hostname="Jeejis-MBP" failures="0" tests="2" name="qaclickacademy.MavenJava.apiTest" time="0.003" errors="0" timestamp="2020-03-07T17:53:59 CST" skipped="0">
  <testcase classname="qaclickacademy.MavenJava.apiTest" name="method4" time="0.002"/>
  <testcase classname="qaclickacademy.MavenJava.apiTest" name="method3" time="0.001"/>
</testsuite> <!-- qaclickacademy.MavenJava.apiTest -->
