<?xml version="1.0" encoding="UTF-8"?>
<!-- Generated by org.testng.reporters.JUnitReportReporter -->
<testsuite hostname="Jeejis-MBP.attlocal.net" failures="0" tests="2" name="qaclickacademy.MavenJava.appiumTestCase" time="0.002" errors="0" timestamp="2021-10-14T15:39:39 CDT" skipped="0">
  <testcase classname="qaclickacademy.MavenJava.appiumTestCase" name="method6" time="0.001"/>
  <testcase classname="qaclickacademy.MavenJava.appiumTestCase" name="method5" time="0.001"/>
</testsuite> <!-- qaclickacademy.MavenJava.appiumTestCase -->
