<?xml version="1.0" encoding="UTF-8"?>
<!-- Generated by org.testng.reporters.JUnitReportReporter -->
<testsuite hostname="Jeejis-MBP.attlocal.net" failures="0" tests="2" name="qaclickacademy.MavenJava.Api" time="0.013" errors="0" timestamp="2021-10-14T16:18:04 CDT" skipped="0">
  <testcase classname="qaclickacademy.MavenJava.Api" name="method3" time="0.011"/>
  <testcase classname="qaclickacademy.MavenJava.Api" name="method4" time="0.002"/>
</testsuite> <!-- qaclickacademy.MavenJava.Api -->
