<?xml version="1.0" encoding="UTF-8"?>
<!-- Generated by org.testng.reporters.JUnitReportReporter -->
<testsuite hostname="Jeejis-MBP.attlocal.net" failures="0" tests="2" name="qaclickacademy.MavenJava.appiumTests" time="0.017" errors="0" timestamp="2021-10-14T12:24:05 CDT" skipped="0">
  <testcase classname="qaclickacademy.MavenJava.appiumTests" name="method5" time="0.014"/>
  <testcase classname="qaclickacademy.MavenJava.appiumTests" name="method6" time="0.003"/>
</testsuite> <!-- qaclickacademy.MavenJava.appiumTests -->
