<?xml version="1.0" encoding="UTF-8"?>
<!-- Generated by org.testng.reporters.JUnitReportReporter -->
<testsuite hostname="Jeejis-MBP.attlocal.net" failures="0" tests="2" name="qaclickacademy.MavenJava.TestApi" time="0.000" errors="0" timestamp="2021-10-14T15:47:38 CDT" skipped="0">
  <testcase classname="qaclickacademy.MavenJava.TestApi" name="method4" time="0.000"/>
  <system-out/>
  <testcase classname="qaclickacademy.MavenJava.TestApi" name="method3" time="0.000"/>
  <system-out/>
</testsuite> <!-- qaclickacademy.MavenJava.TestApi -->
