<?xml version="1.0" encoding="UTF-8"?>
<!-- Generated by org.testng.reporters.JUnitReportReporter -->
<testsuite hostname="Jeejis-MBP.attlocal.net" failures="0" tests="2" name="qaclickacademy.MavenJava.seleniumTest" time="0.000" errors="0" timestamp="2021-10-14T16:41:11 CDT" skipped="0">
  <testcase classname="qaclickacademy.MavenJava.seleniumTest" name="method1" time="0.000"/>
  <system-out/>
  <testcase classname="qaclickacademy.MavenJava.seleniumTest" name="method2" time="0.000"/>
  <system-out/>
</testsuite> <!-- qaclickacademy.MavenJava.seleniumTest -->
