<?xml version="1.0" encoding="UTF-8"?>
<!-- Generated by org.testng.reporters.JUnitReportReporter -->
<testsuite hostname="Jeejis-MBP.attlocal.net" failures="0" tests="2" name="qaclickacademy.MavenJava.appiumTestCase" time="0.004" errors="0" timestamp="2021-10-14T16:41:11 CDT" skipped="0">
  <testcase classname="qaclickacademy.MavenJava.appiumTestCase" name="method6" time="0.000"/>
  <system-out/>
  <testcase classname="qaclickacademy.MavenJava.appiumTestCase" name="method5" time="0.004"/>
  <system-out/>
</testsuite> <!-- qaclickacademy.MavenJava.appiumTestCase -->
