<?xml version="1.0" encoding="UTF-8"?>
<!-- Generated by org.testng.reporters.JUnitReportReporter -->
<testsuite skipped="0" hostname="Jeejis-MBP.attlocal.net" name="qaclickacademy.MavenJava.Api" tests="2" failures="0" timestamp="2021-10-14T16:54:49 CDT" time="0.004" errors="0">
  <testcase name="method3" time="0.004" classname="qaclickacademy.MavenJava.Api"/>
  <system-out/>
  <testcase name="method4" time="0.000" classname="qaclickacademy.MavenJava.Api"/>
  <system-out/>
</testsuite> <!-- qaclickacademy.MavenJava.Api -->
